<?xml version="1.0" encoding="UTF-8"?>
<!-- Generated by org.testng.reporters.JUnitXMLReporter -->
<testsuite ignored="0" hostname="LAPTOP-RHEKKJV4" failures="1" tests="3" name="SalesForceRandomScriptsTest" time="59.991" errors="0" timestamp="2024-10-26T17:17:36 EDT">
  <testcase classname="com.automation.base.SalesForceLogin" name="Login_SalesForce" time="1.25"/>
  <testcase classname="com.automation.test.RandomScripts" name="verify_FirstLastName" time="4.553"/>
  <testcase classname="com.automation.test.RandomScripts" name="verify_TabCustomization" time="33.786">
    <failure type="org.openqa.selenium.NoSuchElementException" message="Cannot locate element with text: Content
For documentation on this error, please visit: https://www.seleniumhq.org/exceptions/no_such_element.html
Build info: version: &amp;apos;3.141.59&amp;apos;, revision: &amp;apos;e82be7d358&amp;apos;, time: &amp;apos;2018-11-14T08:17:03&amp;apos;
System info: host: &amp;apos;LAPTOP-RHEKKJV4&amp;apos;, ip: &amp;apos;192.168.0.24&amp;apos;, os.name: &amp;apos;Windows 11&amp;apos;, os.arch: &amp;apos;amd64&amp;apos;, os.version: &amp;apos;10.0&amp;apos;, java.version: &amp;apos;17.0.7&amp;apos;
Driver info: driver.version: unknown">
      <![CDATA[org.openqa.selenium.NoSuchElementException: Cannot locate element with text: Content
For documentation on this error, please visit: https://www.seleniumhq.org/exceptions/no_such_element.html
Build info: version: '3.141.59', revision: 'e82be7d358', time: '2018-11-14T08:17:03'
System info: host: 'LAPTOP-RHEKKJV4', ip: '192.168.0.24', os.name: 'Windows 11', os.arch: 'amd64', os.version: '10.0', java.version: '17.0.7'
Driver info: driver.version: unknown
at org.openqa.selenium.support.ui.Select.selectByVisibleText(Select.java:147)
at com.automation.base.BaseTest.selectByVisibleText(BaseTest.java:99)
at com.automation.test.RandomScripts.verify_TabCustomization(RandomScripts.java:41)
at java.base/java.util.ArrayList.forEach(ArrayList.java:1511)
... Removed 27 stack frames]]>
    </failure>
  </testcase> <!-- verify_TabCustomization -->
</testsuite> <!-- SalesForceRandomScriptsTest -->
